This file contains any messages produced by compilers while
running configure, to aid debugging if configure makes a mistake.

It was created by quorra configure 0.0.1, which was
generated by GNU Autoconf 2.69.  Invocation command line was

  $ ./configure 

## --------- ##
## Platform. ##
## --------- ##

hostname = localhost.localdomain
uname -m = x86_64
uname -r = 3.8.2-206.fc18.x86_64
uname -s = Linux
uname -v = #1 SMP Fri Mar 8 15:03:34 UTC 2013

/usr/bin/uname -p = x86_64
/bin/uname -X     = unknown

/bin/arch              = x86_64
/usr/bin/arch -k       = unknown
/usr/convex/getsysinfo = unknown
/usr/bin/hostinfo      = unknown
/bin/machine           = unknown
/usr/bin/oslevel       = unknown
/bin/universe          = unknown

PATH: /usr/lib64/qt-3.3/bin
PATH: /usr/lib64/ccache
PATH: /usr/local/bin
PATH: /usr/bin
PATH: /bin
PATH: /usr/local/sbin
PATH: /usr/sbin
PATH: /home/ljrh4054/bin


## ----------- ##
## Core tests. ##
## ----------- ##

configure:2115: checking for a BSD-compatible install
configure:2183: result: /usr/bin/install -c
configure:2194: checking whether build environment is sane
configure:2249: result: yes
configure:2400: checking for a thread-safe mkdir -p
configure:2439: result: /usr/bin/mkdir -p
configure:2446: checking for gawk
configure:2462: found /usr/bin/gawk
configure:2473: result: gawk
configure:2484: checking whether make sets $(MAKE)
configure:2506: result: yes
configure:2646: checking for gcc
configure:2662: found /usr/lib64/ccache/gcc
configure:2673: result: gcc
configure:2902: checking for C compiler version
configure:2911: gcc --version >&5
gcc (GCC) 4.7.2 20121109 (Red Hat 4.7.2-8)
Copyright (C) 2012 Free Software Foundation, Inc.
This is free software; see the source for copying conditions.  There is NO
warranty; not even for MERCHANTABILITY or FITNESS FOR A PARTICULAR PURPOSE.

configure:2922: $? = 0
configure:2911: gcc -v >&5
Using built-in specs.
COLLECT_GCC=/usr/bin/gcc
COLLECT_LTO_WRAPPER=/usr/libexec/gcc/x86_64-redhat-linux/4.7.2/lto-wrapper
Target: x86_64-redhat-linux
Configured with: ../configure --prefix=/usr --mandir=/usr/share/man --infodir=/usr/share/info --with-bugurl=http://bugzilla.redhat.com/bugzilla --enable-bootstrap --enable-shared --enable-threads=posix --enable-checking=release --disable-build-with-cxx --disable-build-poststage1-with-cxx --with-system-zlib --enable-__cxa_atexit --disable-libunwind-exceptions --enable-gnu-unique-object --enable-linker-build-id --with-linker-hash-style=gnu --enable-languages=c,c++,objc,obj-c++,java,fortran,ada,go,lto --enable-plugin --enable-initfini-array --enable-java-awt=gtk --disable-dssi --with-java-home=/usr/lib/jvm/java-1.5.0-gcj-1.5.0.0/jre --enable-libgcj-multifile --enable-java-maintainer-mode --with-ecj-jar=/usr/share/java/eclipse-ecj.jar --disable-libjava-multilib --with-ppl --with-cloog --with-tune=generic --with-arch_32=i686 --build=x86_64-redhat-linux
Thread model: posix
gcc version 4.7.2 20121109 (Red Hat 4.7.2-8) (GCC) 
configure:2922: $? = 0
configure:2911: gcc -V >&5
gcc: error: unrecognized command line option '-V'
gcc: fatal error: no input files
compilation terminated.
configure:2922: $? = 4
configure:2911: gcc -qversion >&5
gcc: error: unrecognized command line option '-qversion'
gcc: fatal error: no input files
compilation terminated.
configure:2922: $? = 4
configure:2942: checking whether the C compiler works
configure:2964: gcc    conftest.c  >&5
configure:2968: $? = 0
configure:3016: result: yes
configure:3019: checking for C compiler default output file name
configure:3021: result: a.out
configure:3027: checking for suffix of executables
configure:3034: gcc -o conftest    conftest.c  >&5
configure:3038: $? = 0
configure:3060: result: 
configure:3082: checking whether we are cross compiling
configure:3090: gcc -o conftest    conftest.c  >&5
configure:3094: $? = 0
configure:3101: ./conftest
configure:3105: $? = 0
configure:3120: result: no
configure:3125: checking for suffix of object files
configure:3147: gcc -c   conftest.c >&5
configure:3151: $? = 0
configure:3172: result: o
configure:3176: checking whether we are using the GNU C compiler
configure:3195: gcc -c   conftest.c >&5
configure:3195: $? = 0
configure:3204: result: yes
configure:3213: checking whether gcc accepts -g
configure:3233: gcc -c -g  conftest.c >&5
configure:3233: $? = 0
configure:3274: result: yes
configure:3291: checking for gcc option to accept ISO C89
configure:3354: gcc  -c -g -O2  conftest.c >&5
configure:3354: $? = 0
configure:3367: result: none needed
configure:3398: checking for style of include used by make
configure:3426: result: GNU
configure:3452: checking dependency style of gcc
configure:3563: result: gcc3
configure:3580: checking for library containing g_main_loop_run
configure:3611: gcc -o conftest -g -O2   conftest.c  >&5
/tmp/ccFSGL5K.o: In function `main':
/data/git/Quorra/quorra/conftest.c:22: undefined reference to `g_main_loop_run'
collect2: error: ld returned 1 exit status
configure:3611: $? = 1
configure: failed program was:
| /* confdefs.h */
| #define PACKAGE_NAME "quorra"
| #define PACKAGE_TARNAME "quorra"
| #define PACKAGE_VERSION "0.0.1"
| #define PACKAGE_STRING "quorra 0.0.1"
| #define PACKAGE_BUGREPORT "bozzo@bozzo.org"
| #define PACKAGE_URL ""
| #define PACKAGE "quorra"
| #define VERSION "0.0.1"
| /* end confdefs.h.  */
| 
| /* Override any GCC internal prototype to avoid an error.
|    Use char because int might match the return type of a GCC
|    builtin and then its argument prototype would still apply.  */
| #ifdef __cplusplus
| extern "C"
| #endif
| char g_main_loop_run ();
| int
| main ()
| {
| return g_main_loop_run ();
|   ;
|   return 0;
| }
configure:3611: gcc -o conftest -g -O2   conftest.c -lglib-2.0   >&5
configure:3611: $? = 0
configure:3628: result: -lglib-2.0
configure:3649: checking how to run the C preprocessor
configure:3680: gcc -E  conftest.c
configure:3680: $? = 0
configure:3694: gcc -E  conftest.c
conftest.c:11:28: fatal error: ac_nonexistent.h: No such file or directory
compilation terminated.
configure:3694: $? = 1
configure: failed program was:
| /* confdefs.h */
| #define PACKAGE_NAME "quorra"
| #define PACKAGE_TARNAME "quorra"
| #define PACKAGE_VERSION "0.0.1"
| #define PACKAGE_STRING "quorra 0.0.1"
| #define PACKAGE_BUGREPORT "bozzo@bozzo.org"
| #define PACKAGE_URL ""
| #define PACKAGE "quorra"
| #define VERSION "0.0.1"
| /* end confdefs.h.  */
| #include <ac_nonexistent.h>
configure:3719: result: gcc -E
configure:3739: gcc -E  conftest.c
configure:3739: $? = 0
configure:3753: gcc -E  conftest.c
conftest.c:11:28: fatal error: ac_nonexistent.h: No such file or directory
compilation terminated.
configure:3753: $? = 1
configure: failed program was:
| /* confdefs.h */
| #define PACKAGE_NAME "quorra"
| #define PACKAGE_TARNAME "quorra"
| #define PACKAGE_VERSION "0.0.1"
| #define PACKAGE_STRING "quorra 0.0.1"
| #define PACKAGE_BUGREPORT "bozzo@bozzo.org"
| #define PACKAGE_URL ""
| #define PACKAGE "quorra"
| #define VERSION "0.0.1"
| /* end confdefs.h.  */
| #include <ac_nonexistent.h>
configure:3782: checking for grep that handles long lines and -e
configure:3840: result: /usr/bin/grep
configure:3845: checking for egrep
configure:3907: result: /usr/bin/grep -E
configure:3912: checking for ANSI C header files
configure:3932: gcc -c -g -O2  conftest.c >&5
configure:3932: $? = 0
configure:4005: gcc -o conftest -g -O2   conftest.c -lglib-2.0  >&5
configure:4005: $? = 0
configure:4005: ./conftest
configure:4005: $? = 0
configure:4016: result: yes
configure:4029: checking for sys/types.h
configure:4029: gcc -c -g -O2  conftest.c >&5
configure:4029: $? = 0
configure:4029: result: yes
configure:4029: checking for sys/stat.h
configure:4029: gcc -c -g -O2  conftest.c >&5
configure:4029: $? = 0
configure:4029: result: yes
configure:4029: checking for stdlib.h
configure:4029: gcc -c -g -O2  conftest.c >&5
configure:4029: $? = 0
configure:4029: result: yes
configure:4029: checking for string.h
configure:4029: gcc -c -g -O2  conftest.c >&5
configure:4029: $? = 0
configure:4029: result: yes
configure:4029: checking for memory.h
configure:4029: gcc -c -g -O2  conftest.c >&5
configure:4029: $? = 0
configure:4029: result: yes
configure:4029: checking for strings.h
configure:4029: gcc -c -g -O2  conftest.c >&5
configure:4029: $? = 0
configure:4029: result: yes
configure:4029: checking for inttypes.h
configure:4029: gcc -c -g -O2  conftest.c >&5
configure:4029: $? = 0
configure:4029: result: yes
configure:4029: checking for stdint.h
configure:4029: gcc -c -g -O2  conftest.c >&5
configure:4029: $? = 0
configure:4029: result: yes
configure:4029: checking for unistd.h
configure:4029: gcc -c -g -O2  conftest.c >&5
configure:4029: $? = 0
configure:4029: result: yes
configure:4041: checking dbus/dbus-glib-bindings.h usability
configure:4041: gcc -c -g -O2  conftest.c >&5
conftest.c:54:37: fatal error: dbus/dbus-glib-bindings.h: No such file or directory
compilation terminated.
configure:4041: $? = 1
configure: failed program was:
| /* confdefs.h */
| #define PACKAGE_NAME "quorra"
| #define PACKAGE_TARNAME "quorra"
| #define PACKAGE_VERSION "0.0.1"
| #define PACKAGE_STRING "quorra 0.0.1"
| #define PACKAGE_BUGREPORT "bozzo@bozzo.org"
| #define PACKAGE_URL ""
| #define PACKAGE "quorra"
| #define VERSION "0.0.1"
| #define STDC_HEADERS 1
| #define HAVE_SYS_TYPES_H 1
| #define HAVE_SYS_STAT_H 1
| #define HAVE_STDLIB_H 1
| #define HAVE_STRING_H 1
| #define HAVE_MEMORY_H 1
| #define HAVE_STRINGS_H 1
| #define HAVE_INTTYPES_H 1
| #define HAVE_STDINT_H 1
| #define HAVE_UNISTD_H 1
| /* end confdefs.h.  */
| #include <stdio.h>
| #ifdef HAVE_SYS_TYPES_H
| # include <sys/types.h>
| #endif
| #ifdef HAVE_SYS_STAT_H
| # include <sys/stat.h>
| #endif
| #ifdef STDC_HEADERS
| # include <stdlib.h>
| # include <stddef.h>
| #else
| # ifdef HAVE_STDLIB_H
| #  include <stdlib.h>
| # endif
| #endif
| #ifdef HAVE_STRING_H
| # if !defined STDC_HEADERS && defined HAVE_MEMORY_H
| #  include <memory.h>
| # endif
| # include <string.h>
| #endif
| #ifdef HAVE_STRINGS_H
| # include <strings.h>
| #endif
| #ifdef HAVE_INTTYPES_H
| # include <inttypes.h>
| #endif
| #ifdef HAVE_STDINT_H
| # include <stdint.h>
| #endif
| #ifdef HAVE_UNISTD_H
| # include <unistd.h>
| #endif
| #include <dbus/dbus-glib-bindings.h>
configure:4041: result: no
configure:4041: checking dbus/dbus-glib-bindings.h presence
configure:4041: gcc -E  conftest.c
conftest.c:21:37: fatal error: dbus/dbus-glib-bindings.h: No such file or directory
compilation terminated.
configure:4041: $? = 1
configure: failed program was:
| /* confdefs.h */
| #define PACKAGE_NAME "quorra"
| #define PACKAGE_TARNAME "quorra"
| #define PACKAGE_VERSION "0.0.1"
| #define PACKAGE_STRING "quorra 0.0.1"
| #define PACKAGE_BUGREPORT "bozzo@bozzo.org"
| #define PACKAGE_URL ""
| #define PACKAGE "quorra"
| #define VERSION "0.0.1"
| #define STDC_HEADERS 1
| #define HAVE_SYS_TYPES_H 1
| #define HAVE_SYS_STAT_H 1
| #define HAVE_STDLIB_H 1
| #define HAVE_STRING_H 1
| #define HAVE_MEMORY_H 1
| #define HAVE_STRINGS_H 1
| #define HAVE_INTTYPES_H 1
| #define HAVE_STDINT_H 1
| #define HAVE_UNISTD_H 1
| /* end confdefs.h.  */
| #include <dbus/dbus-glib-bindings.h>
configure:4041: result: no
configure:4041: checking for dbus/dbus-glib-bindings.h
configure:4041: result: no
configure:4047: checking dbus/dbus-glib.h usability
configure:4047: gcc -c -g -O2  conftest.c >&5
conftest.c:54:28: fatal error: dbus/dbus-glib.h: No such file or directory
compilation terminated.
configure:4047: $? = 1
configure: failed program was:
| /* confdefs.h */
| #define PACKAGE_NAME "quorra"
| #define PACKAGE_TARNAME "quorra"
| #define PACKAGE_VERSION "0.0.1"
| #define PACKAGE_STRING "quorra 0.0.1"
| #define PACKAGE_BUGREPORT "bozzo@bozzo.org"
| #define PACKAGE_URL ""
| #define PACKAGE "quorra"
| #define VERSION "0.0.1"
| #define STDC_HEADERS 1
| #define HAVE_SYS_TYPES_H 1
| #define HAVE_SYS_STAT_H 1
| #define HAVE_STDLIB_H 1
| #define HAVE_STRING_H 1
| #define HAVE_MEMORY_H 1
| #define HAVE_STRINGS_H 1
| #define HAVE_INTTYPES_H 1
| #define HAVE_STDINT_H 1
| #define HAVE_UNISTD_H 1
| /* end confdefs.h.  */
| #include <stdio.h>
| #ifdef HAVE_SYS_TYPES_H
| # include <sys/types.h>
| #endif
| #ifdef HAVE_SYS_STAT_H
| # include <sys/stat.h>
| #endif
| #ifdef STDC_HEADERS
| # include <stdlib.h>
| # include <stddef.h>
| #else
| # ifdef HAVE_STDLIB_H
| #  include <stdlib.h>
| # endif
| #endif
| #ifdef HAVE_STRING_H
| # if !defined STDC_HEADERS && defined HAVE_MEMORY_H
| #  include <memory.h>
| # endif
| # include <string.h>
| #endif
| #ifdef HAVE_STRINGS_H
| # include <strings.h>
| #endif
| #ifdef HAVE_INTTYPES_H
| # include <inttypes.h>
| #endif
| #ifdef HAVE_STDINT_H
| # include <stdint.h>
| #endif
| #ifdef HAVE_UNISTD_H
| # include <unistd.h>
| #endif
| #include <dbus/dbus-glib.h>
configure:4047: result: no
configure:4047: checking dbus/dbus-glib.h presence
configure:4047: gcc -E  conftest.c
conftest.c:21:28: fatal error: dbus/dbus-glib.h: No such file or directory
compilation terminated.
configure:4047: $? = 1
configure: failed program was:
| /* confdefs.h */
| #define PACKAGE_NAME "quorra"
| #define PACKAGE_TARNAME "quorra"
| #define PACKAGE_VERSION "0.0.1"
| #define PACKAGE_STRING "quorra 0.0.1"
| #define PACKAGE_BUGREPORT "bozzo@bozzo.org"
| #define PACKAGE_URL ""
| #define PACKAGE "quorra"
| #define VERSION "0.0.1"
| #define STDC_HEADERS 1
| #define HAVE_SYS_TYPES_H 1
| #define HAVE_SYS_STAT_H 1
| #define HAVE_STDLIB_H 1
| #define HAVE_STRING_H 1
| #define HAVE_MEMORY_H 1
| #define HAVE_STRINGS_H 1
| #define HAVE_INTTYPES_H 1
| #define HAVE_STDINT_H 1
| #define HAVE_UNISTD_H 1
| /* end confdefs.h.  */
| #include <dbus/dbus-glib.h>
configure:4047: result: no
configure:4047: checking for dbus/dbus-glib.h
configure:4047: result: no
configure:4053: checking glib.h usability
configure:4053: gcc -c -g -O2  conftest.c >&5
conftest.c:54:18: fatal error: glib.h: No such file or directory
compilation terminated.
configure:4053: $? = 1
configure: failed program was:
| /* confdefs.h */
| #define PACKAGE_NAME "quorra"
| #define PACKAGE_TARNAME "quorra"
| #define PACKAGE_VERSION "0.0.1"
| #define PACKAGE_STRING "quorra 0.0.1"
| #define PACKAGE_BUGREPORT "bozzo@bozzo.org"
| #define PACKAGE_URL ""
| #define PACKAGE "quorra"
| #define VERSION "0.0.1"
| #define STDC_HEADERS 1
| #define HAVE_SYS_TYPES_H 1
| #define HAVE_SYS_STAT_H 1
| #define HAVE_STDLIB_H 1
| #define HAVE_STRING_H 1
| #define HAVE_MEMORY_H 1
| #define HAVE_STRINGS_H 1
| #define HAVE_INTTYPES_H 1
| #define HAVE_STDINT_H 1
| #define HAVE_UNISTD_H 1
| /* end confdefs.h.  */
| #include <stdio.h>
| #ifdef HAVE_SYS_TYPES_H
| # include <sys/types.h>
| #endif
| #ifdef HAVE_SYS_STAT_H
| # include <sys/stat.h>
| #endif
| #ifdef STDC_HEADERS
| # include <stdlib.h>
| # include <stddef.h>
| #else
| # ifdef HAVE_STDLIB_H
| #  include <stdlib.h>
| # endif
| #endif
| #ifdef HAVE_STRING_H
| # if !defined STDC_HEADERS && defined HAVE_MEMORY_H
| #  include <memory.h>
| # endif
| # include <string.h>
| #endif
| #ifdef HAVE_STRINGS_H
| # include <strings.h>
| #endif
| #ifdef HAVE_INTTYPES_H
| # include <inttypes.h>
| #endif
| #ifdef HAVE_STDINT_H
| # include <stdint.h>
| #endif
| #ifdef HAVE_UNISTD_H
| # include <unistd.h>
| #endif
| #include <glib.h>
configure:4053: result: no
configure:4053: checking glib.h presence
configure:4053: gcc -E  conftest.c
conftest.c:21:18: fatal error: glib.h: No such file or directory
compilation terminated.
configure:4053: $? = 1
configure: failed program was:
| /* confdefs.h */
| #define PACKAGE_NAME "quorra"
| #define PACKAGE_TARNAME "quorra"
| #define PACKAGE_VERSION "0.0.1"
| #define PACKAGE_STRING "quorra 0.0.1"
| #define PACKAGE_BUGREPORT "bozzo@bozzo.org"
| #define PACKAGE_URL ""
| #define PACKAGE "quorra"
| #define VERSION "0.0.1"
| #define STDC_HEADERS 1
| #define HAVE_SYS_TYPES_H 1
| #define HAVE_SYS_STAT_H 1
| #define HAVE_STDLIB_H 1
| #define HAVE_STRING_H 1
| #define HAVE_MEMORY_H 1
| #define HAVE_STRINGS_H 1
| #define HAVE_INTTYPES_H 1
| #define HAVE_STDINT_H 1
| #define HAVE_UNISTD_H 1
| /* end confdefs.h.  */
| #include <glib.h>
configure:4053: result: no
configure:4053: checking for glib.h
configure:4053: result: no
configure:4059: checking glib-object.h usability
configure:4059: gcc -c -g -O2  conftest.c >&5
conftest.c:54:25: fatal error: glib-object.h: No such file or directory
compilation terminated.
configure:4059: $? = 1
configure: failed program was:
| /* confdefs.h */
| #define PACKAGE_NAME "quorra"
| #define PACKAGE_TARNAME "quorra"
| #define PACKAGE_VERSION "0.0.1"
| #define PACKAGE_STRING "quorra 0.0.1"
| #define PACKAGE_BUGREPORT "bozzo@bozzo.org"
| #define PACKAGE_URL ""
| #define PACKAGE "quorra"
| #define VERSION "0.0.1"
| #define STDC_HEADERS 1
| #define HAVE_SYS_TYPES_H 1
| #define HAVE_SYS_STAT_H 1
| #define HAVE_STDLIB_H 1
| #define HAVE_STRING_H 1
| #define HAVE_MEMORY_H 1
| #define HAVE_STRINGS_H 1
| #define HAVE_INTTYPES_H 1
| #define HAVE_STDINT_H 1
| #define HAVE_UNISTD_H 1
| /* end confdefs.h.  */
| #include <stdio.h>
| #ifdef HAVE_SYS_TYPES_H
| # include <sys/types.h>
| #endif
| #ifdef HAVE_SYS_STAT_H
| # include <sys/stat.h>
| #endif
| #ifdef STDC_HEADERS
| # include <stdlib.h>
| # include <stddef.h>
| #else
| # ifdef HAVE_STDLIB_H
| #  include <stdlib.h>
| # endif
| #endif
| #ifdef HAVE_STRING_H
| # if !defined STDC_HEADERS && defined HAVE_MEMORY_H
| #  include <memory.h>
| # endif
| # include <string.h>
| #endif
| #ifdef HAVE_STRINGS_H
| # include <strings.h>
| #endif
| #ifdef HAVE_INTTYPES_H
| # include <inttypes.h>
| #endif
| #ifdef HAVE_STDINT_H
| # include <stdint.h>
| #endif
| #ifdef HAVE_UNISTD_H
| # include <unistd.h>
| #endif
| #include <glib-object.h>
configure:4059: result: no
configure:4059: checking glib-object.h presence
configure:4059: gcc -E  conftest.c
conftest.c:21:25: fatal error: glib-object.h: No such file or directory
compilation terminated.
configure:4059: $? = 1
configure: failed program was:
| /* confdefs.h */
| #define PACKAGE_NAME "quorra"
| #define PACKAGE_TARNAME "quorra"
| #define PACKAGE_VERSION "0.0.1"
| #define PACKAGE_STRING "quorra 0.0.1"
| #define PACKAGE_BUGREPORT "bozzo@bozzo.org"
| #define PACKAGE_URL ""
| #define PACKAGE "quorra"
| #define VERSION "0.0.1"
| #define STDC_HEADERS 1
| #define HAVE_SYS_TYPES_H 1
| #define HAVE_SYS_STAT_H 1
| #define HAVE_STDLIB_H 1
| #define HAVE_STRING_H 1
| #define HAVE_MEMORY_H 1
| #define HAVE_STRINGS_H 1
| #define HAVE_INTTYPES_H 1
| #define HAVE_STDINT_H 1
| #define HAVE_UNISTD_H 1
| /* end confdefs.h.  */
| #include <glib-object.h>
configure:4059: result: no
configure:4059: checking for glib-object.h
configure:4059: result: no
configure:4065: checking for stdlib.h
configure:4065: result: yes
configure:4071: checking netdb.h usability
configure:4071: gcc -c -g -O2  conftest.c >&5
configure:4071: $? = 0
configure:4071: result: yes
configure:4071: checking netdb.h presence
configure:4071: gcc -E  conftest.c
configure:4071: $? = 0
configure:4071: result: yes
configure:4071: checking for netdb.h
configure:4071: result: yes
configure:4192: checking that generated files are newer than configure
configure:4198: result: done
configure:4221: creating ./config.status

## ---------------------- ##
## Running config.status. ##
## ---------------------- ##

This file was extended by quorra config.status 0.0.1, which was
generated by GNU Autoconf 2.69.  Invocation command line was

  CONFIG_FILES    = 
  CONFIG_HEADERS  = 
  CONFIG_LINKS    = 
  CONFIG_COMMANDS = 
  $ ./config.status 

on localhost.localdomain

config.status:852: creating Makefile
config.status:852: creating plugins/SqueezeSlave/src/Makefile
config.status:852: creating quorra-core/src/Makefile
config.status:852: creating config.h
config.status:1033: config.h is unchanged
config.status:1081: executing depfiles commands

## ---------------- ##
## Cache variables. ##
## ---------------- ##

ac_cv_c_compiler_gnu=yes
ac_cv_env_CC_set=
ac_cv_env_CC_value=
ac_cv_env_CFLAGS_set=
ac_cv_env_CFLAGS_value=
ac_cv_env_CPPFLAGS_set=
ac_cv_env_CPPFLAGS_value=
ac_cv_env_CPP_set=
ac_cv_env_CPP_value=
ac_cv_env_LDFLAGS_set=
ac_cv_env_LDFLAGS_value=
ac_cv_env_LIBS_set=
ac_cv_env_LIBS_value=
ac_cv_env_build_alias_set=
ac_cv_env_build_alias_value=
ac_cv_env_host_alias_set=
ac_cv_env_host_alias_value=
ac_cv_env_target_alias_set=
ac_cv_env_target_alias_value=
ac_cv_header_dbus_dbus_glib_bindings_h=no
ac_cv_header_dbus_dbus_glib_h=no
ac_cv_header_glib_h=no
ac_cv_header_glib_object_h=no
ac_cv_header_inttypes_h=yes
ac_cv_header_memory_h=yes
ac_cv_header_netdb_h=yes
ac_cv_header_stdc=yes
ac_cv_header_stdint_h=yes
ac_cv_header_stdlib_h=yes
ac_cv_header_string_h=yes
ac_cv_header_strings_h=yes
ac_cv_header_sys_stat_h=yes
ac_cv_header_sys_types_h=yes
ac_cv_header_unistd_h=yes
ac_cv_objext=o
ac_cv_path_EGREP='/usr/bin/grep -E'
ac_cv_path_GREP=/usr/bin/grep
ac_cv_path_install='/usr/bin/install -c'
ac_cv_path_mkdir=/usr/bin/mkdir
ac_cv_prog_AWK=gawk
ac_cv_prog_CPP='gcc -E'
ac_cv_prog_ac_ct_CC=gcc
ac_cv_prog_cc_c89=
ac_cv_prog_cc_g=yes
ac_cv_prog_make_make_set=yes
ac_cv_search_g_main_loop_run=-lglib-2.0
am_cv_CC_dependencies_compiler_type=gcc3

## ----------------- ##
## Output variables. ##
## ----------------- ##

ACLOCAL='${SHELL} /data/git/Quorra/quorra/missing --run aclocal-1.12'
AMDEPBACKSLASH='\'
AMDEP_FALSE='#'
AMDEP_TRUE=''
AMTAR='$${TAR-tar}'
AUTOCONF='${SHELL} /data/git/Quorra/quorra/missing --run autoconf'
AUTOHEADER='${SHELL} /data/git/Quorra/quorra/missing --run autoheader'
AUTOMAKE='${SHELL} /data/git/Quorra/quorra/missing --run automake-1.12'
AWK='gawk'
CC='gcc'
CCDEPMODE='depmode=gcc3'
CFLAGS='-g -O2'
CPP='gcc -E'
CPPFLAGS=''
CYGPATH_W='echo'
DEFS='-DHAVE_CONFIG_H'
DEPDIR='.deps'
ECHO_C=''
ECHO_N='-n'
ECHO_T=''
EGREP='/usr/bin/grep -E'
EXEEXT=''
GLIB_CFLAGS=''
GLIB_LIBS=''
GREP='/usr/bin/grep'
INSTALL_DATA='${INSTALL} -m 644'
INSTALL_PROGRAM='${INSTALL}'
INSTALL_SCRIPT='${INSTALL}'
INSTALL_STRIP_PROGRAM='$(install_sh) -c -s'
LDFLAGS=''
LIBOBJS=''
LIBS='-lglib-2.0 '
LTLIBOBJS=''
MAKEINFO='${SHELL} /data/git/Quorra/quorra/missing --run makeinfo'
MKDIR_P='/usr/bin/mkdir -p'
OBJEXT='o'
PACKAGE='quorra'
PACKAGE_BUGREPORT='bozzo@bozzo.org'
PACKAGE_NAME='quorra'
PACKAGE_STRING='quorra 0.0.1'
PACKAGE_TARNAME='quorra'
PACKAGE_URL=''
PACKAGE_VERSION='0.0.1'
PATH_SEPARATOR=':'
SET_MAKE=''
SHELL='/bin/sh'
STRIP=''
VERSION='0.0.1'
ac_ct_CC='gcc'
am__EXEEXT_FALSE=''
am__EXEEXT_TRUE='#'
am__fastdepCC_FALSE='#'
am__fastdepCC_TRUE=''
am__include='include'
am__isrc=''
am__leading_dot='.'
am__nodep='_no'
am__quote=''
am__tar='$${TAR-tar} chof - "$$tardir"'
am__untar='$${TAR-tar} xf -'
bindir='${exec_prefix}/bin'
build_alias=''
datadir='${datarootdir}'
datarootdir='${prefix}/share'
docdir='${datarootdir}/doc/${PACKAGE_TARNAME}'
dvidir='${docdir}'
exec_prefix='${prefix}'
host_alias=''
htmldir='${docdir}'
includedir='${prefix}/include'
infodir='${datarootdir}/info'
install_sh='${SHELL} /data/git/Quorra/quorra/install-sh'
libdir='${exec_prefix}/lib'
libexecdir='${exec_prefix}/libexec'
localedir='${datarootdir}/locale'
localstatedir='${prefix}/var'
mandir='${datarootdir}/man'
mkdir_p='$(MKDIR_P)'
oldincludedir='/usr/include'
pdfdir='${docdir}'
prefix='/usr/local'
program_transform_name='s,x,x,'
psdir='${docdir}'
sbindir='${exec_prefix}/sbin'
sharedstatedir='${prefix}/com'
sysconfdir='${prefix}/etc'
target_alias=''

## ----------- ##
## confdefs.h. ##
## ----------- ##

/* confdefs.h */
#define PACKAGE_NAME "quorra"
#define PACKAGE_TARNAME "quorra"
#define PACKAGE_VERSION "0.0.1"
#define PACKAGE_STRING "quorra 0.0.1"
#define PACKAGE_BUGREPORT "bozzo@bozzo.org"
#define PACKAGE_URL ""
#define PACKAGE "quorra"
#define VERSION "0.0.1"
#define STDC_HEADERS 1
#define HAVE_SYS_TYPES_H 1
#define HAVE_SYS_STAT_H 1
#define HAVE_STDLIB_H 1
#define HAVE_STRING_H 1
#define HAVE_MEMORY_H 1
#define HAVE_STRINGS_H 1
#define HAVE_INTTYPES_H 1
#define HAVE_STDINT_H 1
#define HAVE_UNISTD_H 1

configure: exit 0
